{"uid":"9479881f5cba9086","name":"Mark a task as complete","fullName":"tests.test_tasks.TestToDoWebApp#test_mark_task_complete","historyId":"9ff55a26d095cda54df75ec99205dc76","time":{"start":1748272477640,"stop":1748272484466,"duration":6826},"status":"failed","statusMessage":"AssertionError: Locator expected to be visible\nActual value: <element(s) not found> \nCall log:\n  - LocatorAssertions.to_be_visible with timeout 5000ms\n  - waiting for locator(\"[data-testid='task-container']\").first","statusTrace":"self = <tests.test_tasks.TestToDoWebApp object at 0x7f7fe0e6e5c0>\ninitialize = <tests.base_class.BaseClass object at 0x7f7fe0dc9ab0>\n\n    @allure.feature(\"Task Management\")\n    @allure.story(\"Mark task as complete\")\n    @allure.title(\"Mark a task as complete\")\n    def test_mark_task_complete(self, initialize):\n        todo = initialize.todo_page\n        with allure.step(\"Add task to mark as complete\"):\n            todo.add_task(\"Complete me\")\n        with allure.step(\"Mark task as complete\"):\n>           todo.mark_complete(0)\n\ntests/test_tasks.py:103: \n_ _ _ _ _ _ _ _ _ _ _ _ _ _ _ _ _ _ _ _ _ _ _ _ _ _ _ _ _ _ _ _ _ _ _ _ _ _ _ _ \npages/todo_page.py:54: in mark_complete\n    self.wait_for_element_to_be_visible_locator(self.task_items.nth(index))\n_ _ _ _ _ _ _ _ _ _ _ _ _ _ _ _ _ _ _ _ _ _ _ _ _ _ _ _ _ _ _ _ _ _ _ _ _ _ _ _ \n\nself = <pages.todo_page.TodoPage object at 0x7f7fe0e22c80>\nelement = <Locator frame=<Frame name= url='https://react-cool-todo-app.netlify.app/add'> selector=\"[data-testid='task-container'] >> nth=0\">\ntimeout = 5000\n\n    def wait_for_element_to_be_visible_locator(self, element: Locator, timeout: int = 5000):\n        \"\"\"Wait for an element to be visible (expects a locator).\"\"\"\n>       expect(element).to_be_visible(timeout=timeout)\nE       AssertionError: Locator expected to be visible\nE       Actual value: <element(s) not found> \nE       Call log:\nE         - LocatorAssertions.to_be_visible with timeout 5000ms\nE         - waiting for locator(\"[data-testid='task-container']\").first\n\npages/base_page.py:26: AssertionError","flaky":false,"newFailed":false,"newBroken":false,"newPassed":false,"retriesCount":0,"retriesStatusChange":false,"beforeStages":[{"name":"base_url","time":{"start":1748272446425,"stop":1748272446426,"duration":1},"status":"passed","steps":[],"attachments":[],"parameters":[],"stepsCount":0,"attachmentsCount":0,"shouldDisplayMessage":false,"hasContent":false,"attachmentStep":false},{"name":"_verify_url","time":{"start":1748272446426,"stop":1748272446427,"duration":1},"status":"passed","steps":[],"attachments":[],"parameters":[],"stepsCount":0,"attachmentsCount":0,"shouldDisplayMessage":false,"hasContent":false,"attachmentStep":false},{"name":"pytestconfig","time":{"start":1748272446430,"stop":1748272446430,"duration":0},"status":"passed","steps":[],"attachments":[],"parameters":[],"stepsCount":0,"attachmentsCount":0,"shouldDisplayMessage":false,"hasContent":false,"attachmentStep":false},{"name":"delete_output_dir","time":{"start":1748272446431,"stop":1748272446431,"duration":0},"status":"passed","steps":[],"attachments":[],"parameters":[],"stepsCount":0,"attachmentsCount":0,"shouldDisplayMessage":false,"hasContent":false,"attachmentStep":false},{"name":"initialize","time":{"start":1748272475816,"stop":1748272477639,"duration":1823},"status":"passed","steps":[],"attachments":[],"parameters":[],"stepsCount":0,"attachmentsCount":0,"shouldDisplayMessage":false,"hasContent":false,"attachmentStep":false}],"testStage":{"status":"failed","statusMessage":"AssertionError: Locator expected to be visible\nActual value: <element(s) not found> \nCall log:\n  - LocatorAssertions.to_be_visible with timeout 5000ms\n  - waiting for locator(\"[data-testid='task-container']\").first","statusTrace":"self = <tests.test_tasks.TestToDoWebApp object at 0x7f7fe0e6e5c0>\ninitialize = <tests.base_class.BaseClass object at 0x7f7fe0dc9ab0>\n\n    @allure.feature(\"Task Management\")\n    @allure.story(\"Mark task as complete\")\n    @allure.title(\"Mark a task as complete\")\n    def test_mark_task_complete(self, initialize):\n        todo = initialize.todo_page\n        with allure.step(\"Add task to mark as complete\"):\n            todo.add_task(\"Complete me\")\n        with allure.step(\"Mark task as complete\"):\n>           todo.mark_complete(0)\n\ntests/test_tasks.py:103: \n_ _ _ _ _ _ _ _ _ _ _ _ _ _ _ _ _ _ _ _ _ _ _ _ _ _ _ _ _ _ _ _ _ _ _ _ _ _ _ _ \npages/todo_page.py:54: in mark_complete\n    self.wait_for_element_to_be_visible_locator(self.task_items.nth(index))\n_ _ _ _ _ _ _ _ _ _ _ _ _ _ _ _ _ _ _ _ _ _ _ _ _ _ _ _ _ _ _ _ _ _ _ _ _ _ _ _ \n\nself = <pages.todo_page.TodoPage object at 0x7f7fe0e22c80>\nelement = <Locator frame=<Frame name= url='https://react-cool-todo-app.netlify.app/add'> selector=\"[data-testid='task-container'] >> nth=0\">\ntimeout = 5000\n\n    def wait_for_element_to_be_visible_locator(self, element: Locator, timeout: int = 5000):\n        \"\"\"Wait for an element to be visible (expects a locator).\"\"\"\n>       expect(element).to_be_visible(timeout=timeout)\nE       AssertionError: Locator expected to be visible\nE       Actual value: <element(s) not found> \nE       Call log:\nE         - LocatorAssertions.to_be_visible with timeout 5000ms\nE         - waiting for locator(\"[data-testid='task-container']\").first\n\npages/base_page.py:26: AssertionError","steps":[{"name":"Add task to mark as complete","time":{"start":1748272477640,"stop":1748272479453,"duration":1813},"status":"passed","steps":[{"name":"Add task through /add screen: 'Complete me'","time":{"start":1748272477640,"stop":1748272479453,"duration":1813},"status":"passed","steps":[{"name":"Navigate to Add Task screen","time":{"start":1748272477640,"stop":1748272477978,"duration":338},"status":"passed","steps":[],"attachments":[],"parameters":[],"stepsCount":0,"attachmentsCount":0,"shouldDisplayMessage":false,"hasContent":false,"attachmentStep":false},{"name":"Submit task with name: 'Complete me'","time":{"start":1748272477978,"stop":1748272478435,"duration":457},"status":"passed","steps":[],"attachments":[],"parameters":[{"name":"text","value":"'Complete me'"}],"stepsCount":0,"attachmentsCount":0,"shouldDisplayMessage":false,"hasContent":true,"attachmentStep":false}],"attachments":[],"parameters":[{"name":"text","value":"'Complete me'"}],"stepsCount":2,"attachmentsCount":0,"shouldDisplayMessage":false,"hasContent":true,"attachmentStep":false}],"attachments":[],"parameters":[],"stepsCount":3,"attachmentsCount":0,"shouldDisplayMessage":false,"hasContent":true,"attachmentStep":false},{"name":"Mark task as complete","time":{"start":1748272479453,"stop":1748272484466,"duration":5013},"status":"failed","statusMessage":"AssertionError: Locator expected to be visible\nActual value: <element(s) not found> \nCall log:\n  - LocatorAssertions.to_be_visible with timeout 5000ms\n  - waiting for locator(\"[data-testid='task-container']\").first\n\n","statusTrace":"  File \"/app/tests/test_tasks.py\", line 103, in test_mark_task_complete\n    todo.mark_complete(0)\n  File \"/usr/local/lib/python3.10/dist-packages/allure_commons/_allure.py\", line 202, in impl\n    return func(*a, **kw)\n  File \"/app/pages/todo_page.py\", line 54, in mark_complete\n    self.wait_for_element_to_be_visible_locator(self.task_items.nth(index))\n  File \"/app/pages/base_page.py\", line 26, in wait_for_element_to_be_visible_locator\n    expect(element).to_be_visible(timeout=timeout)\n  File \"/usr/local/lib/python3.10/dist-packages/playwright/sync_api/_generated.py\", line 20365, in to_be_visible\n    self._sync(self._impl_obj.to_be_visible(visible=visible, timeout=timeout))\n  File \"/usr/local/lib/python3.10/dist-packages/playwright/_impl/_sync_base.py\", line 115, in _sync\n    return task.result()\n  File \"/usr/local/lib/python3.10/dist-packages/playwright/_impl/_assertions.py\", line 716, in to_be_visible\n    await self._expect_impl(\n  File \"/usr/local/lib/python3.10/dist-packages/playwright/_impl/_assertions.py\", line 74, in _expect_impl\n    raise AssertionError(\n","steps":[{"name":"Mark task at index 0 as complete","time":{"start":1748272479453,"stop":1748272484466,"duration":5013},"status":"failed","statusMessage":"AssertionError: Locator expected to be visible\nActual value: <element(s) not found> \nCall log:\n  - LocatorAssertions.to_be_visible with timeout 5000ms\n  - waiting for locator(\"[data-testid='task-container']\").first\n\n","statusTrace":"  File \"/usr/local/lib/python3.10/dist-packages/allure_commons/_allure.py\", line 202, in impl\n    return func(*a, **kw)\n  File \"/app/pages/todo_page.py\", line 54, in mark_complete\n    self.wait_for_element_to_be_visible_locator(self.task_items.nth(index))\n  File \"/app/pages/base_page.py\", line 26, in wait_for_element_to_be_visible_locator\n    expect(element).to_be_visible(timeout=timeout)\n  File \"/usr/local/lib/python3.10/dist-packages/playwright/sync_api/_generated.py\", line 20365, in to_be_visible\n    self._sync(self._impl_obj.to_be_visible(visible=visible, timeout=timeout))\n  File \"/usr/local/lib/python3.10/dist-packages/playwright/_impl/_sync_base.py\", line 115, in _sync\n    return task.result()\n  File \"/usr/local/lib/python3.10/dist-packages/playwright/_impl/_assertions.py\", line 716, in to_be_visible\n    await self._expect_impl(\n  File \"/usr/local/lib/python3.10/dist-packages/playwright/_impl/_assertions.py\", line 74, in _expect_impl\n    raise AssertionError(\n","steps":[],"attachments":[],"parameters":[{"name":"index","value":"0"}],"stepsCount":0,"attachmentsCount":0,"shouldDisplayMessage":true,"hasContent":true,"attachmentStep":false}],"attachments":[],"parameters":[],"stepsCount":1,"attachmentsCount":0,"shouldDisplayMessage":false,"hasContent":true,"attachmentStep":false}],"attachments":[{"uid":"dd68836506a922aa","name":"log_test_mark_task_complete","source":"dd68836506a922aa.txt","type":"text/plain","size":1106},{"uid":"9ae65a09abffb201","name":"log","source":"9ae65a09abffb201.txt","type":"text/plain","size":158}],"parameters":[],"stepsCount":6,"attachmentsCount":2,"shouldDisplayMessage":true,"hasContent":true,"attachmentStep":false},"afterStages":[{"name":"initialize::0","time":{"start":1748272484477,"stop":1748272484837,"duration":360},"status":"passed","steps":[],"attachments":[{"uid":"3cb1d89023fc5628","name":"screenshot","source":"3cb1d89023fc5628.png","type":"image/png","size":50766}],"parameters":[],"stepsCount":0,"attachmentsCount":1,"shouldDisplayMessage":false,"hasContent":true,"attachmentStep":false}],"labels":[{"name":"feature","value":"Task Management"},{"name":"suite","value":"Todo Web App Test Suite"},{"name":"story","value":"Mark task as complete"},{"name":"layer","value":"ui"},{"name":"parentSuite","value":"tests"},{"name":"subSuite","value":"TestToDoWebApp"},{"name":"host","value":"c3bc606f2256"},{"name":"thread","value":"20-MainThread"},{"name":"framework","value":"pytest"},{"name":"language","value":"cpython3"},{"name":"package","value":"tests.test_tasks"},{"name":"resultFormat","value":"allure2"}],"parameters":[],"links":[],"hidden":false,"retry":false,"extra":{"severity":"normal","retries":[],"categories":[{"name":"Product defects","matchedStatuses":[],"flaky":false}],"history":{"statistic":{"failed":6,"broken":0,"skipped":0,"passed":0,"unknown":0,"total":6},"items":[{"uid":"e052c9829ffdc718","reportUrl":"../10/index.html#testresult/e052c9829ffdc718","status":"failed","statusDetails":"AssertionError: Locator expected to be visible\nActual value: <element(s) not found> \nCall log:\n  - LocatorAssertions.to_be_visible with timeout 5000ms\n  - waiting for locator(\"[data-testid='task-container']\").first","time":{"start":1748272477640,"stop":1748272484466,"duration":6826}},{"uid":"3b82781c337cc93d","reportUrl":"../9/index.html#testresult/3b82781c337cc93d","status":"failed","statusDetails":"AssertionError: Locator expected to be visible\nActual value: <element(s) not found> \nCall log:\n  - LocatorAssertions.to_be_visible with timeout 5000ms\n  - waiting for locator(\"[data-testid='task-container']\").first","time":{"start":1748272477640,"stop":1748272484466,"duration":6826}},{"uid":"cea4a9d1c4b0615f","reportUrl":"../8/index.html#testresult/cea4a9d1c4b0615f","status":"failed","statusDetails":"AssertionError: Locator expected to be visible\nActual value: <element(s) not found> \nCall log:\n  - LocatorAssertions.to_be_visible with timeout 5000ms\n  - waiting for locator(\"[data-testid='task-container']\").first","time":{"start":1748272477640,"stop":1748272484466,"duration":6826}},{"uid":"848fba7e85123f5b","reportUrl":"../7/index.html#testresult/848fba7e85123f5b","status":"failed","statusDetails":"AssertionError: Locator expected to be visible\nActual value: <element(s) not found> \nCall log:\n  - LocatorAssertions.to_be_visible with timeout 5000ms\n  - waiting for locator(\"[data-testid='task-container']\").first","time":{"start":1748272477640,"stop":1748272484466,"duration":6826}},{"uid":"ea613d4779b72148","reportUrl":"../6/index.html#testresult/ea613d4779b72148","status":"failed","statusDetails":"AssertionError: Locator expected to be visible\nActual value: <element(s) not found> \nCall log:\n  - LocatorAssertions.to_be_visible with timeout 5000ms\n  - waiting for locator(\"[data-testid='task-container']\").first","time":{"start":1748272477640,"stop":1748272484466,"duration":6826}}]},"tags":[]},"source":"9479881f5cba9086.json","parameterValues":[]}